#
# A fatal error has been detected by the Java Runtime Environment:
#
#  EXCEPTION_ACCESS_VIOLATION (0xc0000005) at pc=0x00007ff89495648f, pid=13052, tid=19212
#
# JRE version: OpenJDK Runtime Environment Temurin-17.0.9+9 (17.0.9+9) (build 17.0.9+9)
# Java VM: OpenJDK 64-Bit Server VM Temurin-17.0.9+9 (17.0.9+9, mixed mode, sharing, tiered, compressed oops, compressed class ptrs, g1 gc, windows-amd64)
# Problematic frame:
# C  [python313.dll+0x1c648f]
#
# No core dump will be written. Minidumps are not enabled by default on client versions of Windows
#
# If you would like to submit a bug report, please visit:
#   https://github.com/adoptium/adoptium-support/issues
# The crash happened outside the Java Virtual Machine in native code.
# See problematic frame for where to report the bug.
#

---------------  S U M M A R Y ------------

Command Line: 

Host: AMD Ryzen 5 5600H with Radeon Graphics         , 12 cores, 23G,  Windows 11 , 64 bit Build 22621 (10.0.22621.4391)
Time: Mon Dec  9 13:52:29 2024 Eastern Standard Time elapsed time: 0.258572 seconds (0d 0h 0m 0s)

---------------  T H R E A D  ---------------

Current thread (0x000002206f07dc30):  JavaThread "main" [_thread_in_native, id=19212, stack(0x00000099ca000000,0x00000099ca2e0000)]

Stack: [0x00000099ca000000,0x00000099ca2e0000],  sp=0x00000099ca2dbeb0,  free space=2927k
Native frames: (J=compiled Java code, j=interpreted, Vv=VM code, C=native code)
C  [python313.dll+0x1c648f]
C  [_jpype.cp313-win_amd64.pyd+0x4aa67]
C  [_jpype.cp313-win_amd64.pyd+0xc9cf]
C  [_jpype.cp313-win_amd64.pyd+0x3aa5e]
C  [python313.dll+0x56732]
C  [python313.dll+0x564f0]
C  [_jpype.cp313-win_amd64.pyd+0x3a29d]
C  [python313.dll+0x11587]
C  [python313.dll+0x892bd]
C  [python313.dll+0x872ec]
C  [python313.dll+0x7df51]
C  [python313.dll+0x7de9b]
C  [_jpype.cp313-win_amd64.pyd+0x3e304]
C  [_jpype.cp313-win_amd64.pyd+0x2c9cb]
C  0x00000220173ad621

The last pc belongs to method entry point (kind = native) (printed below).
Java frames: (J=compiled Java code, j=interpreted, Vv=VM code)
j  org.jpype.manager.TypeFactoryNative.newWrapper(JJ)V+0
j  org.jpype.JPypeContext.newWrapper(J)V+16
v  ~StubRoutines::call_stub
j  org.jpype.manager.TypeFactoryNative.newWrapper(JJ)V+0
j  org.jpype.JPypeContext.newWrapper(J)V+16
v  ~StubRoutines::call_stub

siginfo: EXCEPTION_ACCESS_VIOLATION (0xc0000005), reading address 0x0000000000000018


Registers:
RAX=0x0000000000000000, RBX=0x0000000000000020, RCX=0x00000099ca2dbf00, RDX=0x0000000000000020
RSP=0x00000099ca2dbeb0, RBP=0x0000000000000000, RSI=0x0000000000000020, RDI=0x00000099ca2dbf00
R8 =0x000000000000561c, R9 =0x0000000000000003, R10=0x000002207f8bdec0, R11=0x00000099ca2dbf70
R12=0x00000099ca2dc610, R13=0x0000022008293660, R14=0x0000000000000000, R15=0x00000099ca2dc650
RIP=0x00007ff89495648f, EFLAGS=0x0000000000010202


Register to memory mapping:

RIP=0x00007ff89495648f python313.dll
RAX=0x0 is NULL
RBX=0x0000000000000020 is an unknown value
RCX=0x00000099ca2dbf00 is pointing into the stack for thread: 0x000002206f07dc30
RDX=0x0000000000000020 is an unknown value
RSP=0x00000099ca2dbeb0 is pointing into the stack for thread: 0x000002206f07dc30
RBP=0x0 is NULL
RSI=0x0000000000000020 is an unknown value
RDI=0x00000099ca2dbf00 is pointing into the stack for thread: 0x000002206f07dc30
R8 =0x000000000000561c is an unknown value
R9 =0x0000000000000003 is an unknown value
R10=0x000002207f8bdec0 points into unknown readable memory: 0x0000001e00000002 | 02 00 00 00 1e 00 00 00
R11=0x00000099ca2dbf70 is pointing into the stack for thread: 0x000002206f07dc30
R12=0x00000099ca2dc610 is pointing into the stack for thread: 0x000002206f07dc30
R13=0x0000022008293660 points into unknown readable memory: 0x00007ff8a0a569e0 | e0 69 a5 a0 f8 7f 00 00
R14=0x0 is NULL
R15=0x00000099ca2dc650 is pointing into the stack for thread: 0x000002206f07dc30


Top of Stack: (sp=0x00000099ca2dbeb0)
0x00000099ca2dbeb0:   000002200805cee8 000002206f07dc30
0x00000099ca2dbec0:   00000099ca2dc0b0 00007ff8923f62fb
0x00000099ca2dbed0:   0000000000000000 00007ff8a0a4aa67
0x00000099ca2dbee0:   000002206f0705c0 0000000000000000
0x00000099ca2dbef0:   0000000000000020 000002206ee66c40
0x00000099ca2dbf00:   000002206f07dc30 00007ff800000079
0x00000099ca2dbf10:   000002200000000b 0000000000000000
0x00000099ca2dbf20:   0000000000000020 0000000000000000
0x00000099ca2dbf30:   0000000000000000 0000000000000000
0x00000099ca2dbf40:   0000000000000000 000002206f07dc30
0x00000099ca2dbf50:   000002206f07dc30 00007ff8a0a3252f
0x00000099ca2dbf60:   00000099ca2dbe10 00000099ca2dc0b8
0x00000099ca2dbf70:   00000220082d4ea8 0000000000000002
0x00000099ca2dbf80:   0000022008293660 00007ff8a0a31944
0x00000099ca2dbf90:   00000220082d4ea8 00000220082d4ea8
0x00000099ca2dbfa0:   00000099ca2dc650 000000000000561c
0x00000099ca2dbfb0:   000002206ef1f500 00007ff89479b8c0
0x00000099ca2dbfc0:   000002206f070100 0000000000000000
0x00000099ca2dbfd0:   0000022007fda4d0 00000220082c46f0
0x00000099ca2dbfe0:   0000000000000000 00000099ca2dc240
0x00000099ca2dbff0:   0000022007fda4d0 00007ff8a0a305eb
0x00000099ca2dc000:   00000099ca2dc110 0000000000000000
0x00000099ca2dc010:   0000000200000000 0000000000000000
0x00000099ca2dc020:   000033dcaa20d6b1 00007ff894a4612a
0x00000099ca2dc030:   00007ff894cbbc60 00007ff8a0a3dd68
0x00000099ca2dc040:   0000000000000002 00000220082c46f8
0x00000099ca2dc050:   0000000000000000 0000000000000000
0x00000099ca2dc060:   00000099ca2dc420 0000000000000000
0x00000099ca2dc070:   00000000000e4930 0000000000000000
0x00000099ca2dc080:   00007ff894cbbc60 0000000000000000
0x00000099ca2dc090:   0000000000000000 000002206ee66c40
0x00000099ca2dc0a0:   000002206ee66c40 00007ff8a0a0c9cf 

Instructions: (pc=0x00007ff89495648f)
0x00007ff89495638f:   e9 36 fd e5 ff 83 39 00 7c 0b 48 83 29 01 75 05
0x00007ff89495639f:   e8 7c 6c e8 ff 49 8b 47 10 4c 8d 05 45 0f 0f 00
0x00007ff8949563af:   48 85 c0 4c 8d 0d bf 02 0f 00 48 8d 15 98 d4 16
0x00007ff8949563bf:   00 4d 0f 45 c8 4c 8d 05 9d 98 0f 00 4c 0f 45 c0
0x00007ff8949563cf:   41 8d 44 24 01 89 44 24 28 48 89 74 24 20 e9 b9
0x00007ff8949563df:   fa e5 ff 49 8b 14 c1 8b 0a 83 c1 01 74 02 89 0a
0x00007ff8949563ef:   48 ff c0 49 3b c0 72 eb e9 ac cc e6 ff 48 8b 41
0x00007ff8949563ff:   10 48 85 c0 0f 8e ad cc e6 ff 4b 8d 14 c1 4c 8b
0x00007ff89495640f:   1a 45 8b 0b 41 83 c1 01 74 03 45 89 0b 48 83 c2
0x00007ff89495641f:   08 48 83 e8 01 75 e7 e9 8b cc e6 ff cc 49 83 fa
0x00007ff89495642f:   01 49 0f 45 c3 4d 3b d1 4d 8b ca 4c 8d 1d af 9a
0x00007ff89495643f:   0f 00 eb 12 49 83 f9 01 49 0f 45 c3 4c 8d 1d b6
0x00007ff89495644f:   bd 0f 00 4d 3b d1 48 8b 0d 0c c5 37 00 4d 0f 45
0x00007ff89495645f:   c3 48 89 54 24 28 48 8d 15 84 5a 2f 00 48 89 44
0x00007ff89495646f:   24 20 e8 4a 11 e8 ff 90 e9 f4 9e e7 ff e8 d7 ec
0x00007ff89495647f:   ff ff 90 e9 dd a3 e7 ff cc 48 8b 81 70 03 00 00
0x00007ff89495648f:   48 8b 48 18 48 03 48 10 48 8d 41 07 48 83 e0 f8
0x00007ff89495649f:   48 03 c2 48 8d 51 01 48 8d 14 d0 e9 66 b3 e7 ff
0x00007ff8949564af:   4c 39 70 08 0f 85 e0 b3 e7 ff e9 45 b4 e7 ff 48
0x00007ff8949564bf:   8b cd e8 86 2b fa ff 48 8b d8 e9 cb b3 e7 ff 4c
0x00007ff8949564cf:   8b 05 4b 70 43 00 33 d2 48 8b cb ff d0 90 e9 de
0x00007ff8949564df:   b3 e7 ff 48 8b 0d a7 c4 37 00 48 8d 15 50 c8 16
0x00007ff8949564ef:   00 e8 6b 16 f0 ff 33 c0 e9 78 bb e7 ff 4c 8b 05
0x00007ff8949564ff:   1d 70 43 00 33 d2 48 8b cb ff d0 90 e9 50 bb e7
0x00007ff89495650f:   ff 48 8b ce e8 34 2b fa ff 90 e9 0e be e7 ff e8
0x00007ff89495651f:   05 2b fa ff 33 ff e9 48 ca e7 ff 89 05 50 60 35
0x00007ff89495652f:   00 e9 1e ca e7 ff 4c 8b 05 e4 6f 43 00 33 d2 48
0x00007ff89495653f:   8b cf ff d0 90 e9 21 ca e7 ff cc 48 8b 0d 3f c4
0x00007ff89495654f:   37 00 48 8d 15 e8 c7 16 00 e8 03 16 f0 ff 90 e9
0x00007ff89495655f:   96 e3 e7 ff ba 1c 00 00 00 e9 7a e1 e7 ff e8 b6
0x00007ff89495656f:   2a fa ff 90 e9 81 e3 e7 ff 48 8b ca e9 96 e1 e7
0x00007ff89495657f:   ff 89 05 fa 5f 35 00 e9 b3 e1 e7 ff 4c 8b 05 8e 


Stack slot to memory mapping:
stack at sp + 0 slots: 0x000002200805cee8 points into unknown readable memory: 0x0000022031405f90 | 90 5f 40 31 20 02 00 00
stack at sp + 1 slots: 0x000002206f07dc30 is a thread
stack at sp + 2 slots: 0x00000099ca2dc0b0 is pointing into the stack for thread: 0x000002206f07dc30
stack at sp + 3 slots: 0x00007ff8923f62fb jvm.dll
stack at sp + 4 slots: 0x0 is NULL
stack at sp + 5 slots: 0x00007ff8a0a4aa67 _jpype.cp313-win_amd64.pyd
stack at sp + 6 slots: 0x000002206f0705c0 points into unknown readable memory: 0x0000000000000004 | 04 00 00 00 00 00 00 00
stack at sp + 7 slots: 0x0 is NULL

method entry point (kind = native)  [0x00000220173ad240, 0x00000220173adbc0]  2432 bytes
[MachCode]
  0x00000220173ad240: 488b 4b08 | 0fb7 492c | 584c 8d74 | ccf8 6800 | 0000 0068 | 0000 0000 | 5055 488b | ec41 5568 
  0x00000220173ad260: 0000 0000 | 4c8b 6b08 | 4d8d 6d30 | 5348 8b53 | 0848 8b52 | 0848 8b52 | 1848 8b52 | 7048 8b12 
  0x00000220173ad280: 5248 8b53 | 1048 85d2 | 0f84 0700 | 0000 4881 | c208 0100 | 0052 488b | 5308 488b | 5208 488b 
  0x00000220173ad2a0: 5210 5241 | 5668 0000 | 0000 6800 | 0000 0048 | 8924 2441 | c687 7903 | 0000 0148 | 8b43 1048 
  0x00000220173ad2c0: 85c0 7420 | 8b88 cc00 | 0000 83c1 | 0289 88cc | 0000 0023 | 88e0 0000 | 000f 842f | 0800 00e9 
  0x00000220173ad2e0: d100 0000 | 488b 4318 | 4885 c00f | 85b2 0000 | 00e8 0500 | 0000 e99b | 0000 0048 | 8bd3 488d 
  0x00000220173ad300: 4424 084c | 896d c049 | 8bcf c5f8 | 7749 89af | a802 0000 | 4989 8798 | 0200 0048 | 83ec 20f7 
  0x00000220173ad320: c40f 0000 | 000f 841a | 0000 0048 | 83ec 0849 | ba90 3639 | 92f8 7f00 | 0041 ffd2 | 4883 c408 
  0x00000220173ad340: e90d 0000 | 0049 ba90 | 3639 92f8 | 7f00 0041 | ffd2 4883 | c420 49c7 | 8798 0200 | 0000 0000 
  0x00000220173ad360: 0049 c787 | a802 0000 | 0000 0000 | 49c7 87a0 | 0200 0000 | 0000 00c5 | f877 4981 | 7f08 0000 
  0x00000220173ad380: 0000 0f84 | 0500 0000 | e973 3bff | ff4c 8b6d | c04c 8b75 | c8c3 488b | 4318 4885 | c00f 8412 
  0x00000220173ad3a0: 0000 008b | 4808 83c1 | 0289 4808 | 2348 200f | 8459 0700 | 0089 8424 | 0090 ffff | 41c6 8779 
  0x00000220173ad3c0: 0300 0000 | 49ba 2e35 | b992 f87f | 0000 4180 | 3a00 0f84 | 4200 0000 | 488b 55e8 | 498b cf48 
  0x00000220173ad3e0: 83ec 20f7 | c40f 0000 | 000f 841a | 0000 0048 | 83ec 0849 | bac0 2b6f | 92f8 7f00 | 0041 ffd2 
  0x00000220173ad400: 4883 c408 | e90d 0000 | 0049 bac0 | 2b6f 92f8 | 7f00 0041 | ffd2 4883 | c420 488b | 5de8 4c8b 
  0x00000220173ad420: 5b08 450f | b75b 2c41 | c1e3 0349 | 2be3 4883 | ec20 4883 | e4f0 4c8b | 5b60 4d85 | db0f 85ad 
  0x00000220173ad440: 0000 00e8 | 0500 0000 | e99b 0000 | 0048 8bd3 | 488d 4424 | 084c 896d | c049 8bcf | c5f8 7749 
  0x00000220173ad460: 89af a802 | 0000 4989 | 8798 0200 | 0048 83ec | 20f7 c40f | 0000 000f | 841a 0000 | 0048 83ec 
  0x00000220173ad480: 0849 ba10 | 6139 92f8 | 7f00 0041 | ffd2 4883 | c408 e90d | 0000 0049 | ba10 6139 | 92f8 7f00 
  0x00000220173ad4a0: 0041 ffd2 | 4883 c420 | 49c7 8798 | 0200 0000 | 0000 0049 | c787 a802 | 0000 0000 | 0000 49c7 
  0x00000220173ad4c0: 87a0 0200 | 0000 0000 | 00c5 f877 | 4981 7f08 | 0000 0000 | 0f84 0500 | 0000 e921 | 3aff ff4c 
  0x00000220173ad4e0: 8b6d c04c | 8b75 c8c3 | 488b 5de8 | 4c8b 5b60 | 41ff d348 | 8b5d e848 | 8945 1844 | 8b5b 2841 
  0x00000220173ad500: f7c3 0800 | 0000 0f84 | 1b00 0000 | 4c8b 5b08 | 4d8b 5b08 | 4d8b 5b18 | 4d8b 5b70 | 4d8b 1b4c 
  0x00000220173ad520: 895d 1048 | 8d55 1048 | 8b43 5849 | ba70 7a6f | 92f8 7f00 | 0049 3bc2 | 0f85 ad00 | 0000 e805 
  0x00000220173ad540: 0000 00e9 | 9b00 0000 | 488b d348 | 8d44 2408 | 4c89 6dc0 | 498b cfc5 | f877 4989 | afa8 0200 
  0x00000220173ad560: 0049 8987 | 9802 0000 | 4883 ec20 | f7c4 0f00 | 0000 0f84 | 1a00 0000 | 4883 ec08 | 49ba 1061 
  0x00000220173ad580: 3992 f87f | 0000 41ff | d248 83c4 | 08e9 0d00 | 0000 49ba | 1061 3992 | f87f 0000 | 41ff d248 
  0x00000220173ad5a0: 83c4 2049 | c787 9802 | 0000 0000 | 0000 49c7 | 87a8 0200 | 0000 0000 | 0049 c787 | a002 0000 
  0x00000220173ad5c0: 0000 0000 | c5f8 7749 | 817f 0800 | 0000 000f | 8405 0000 | 00e9 2639 | ffff 4c8b | 6dc0 4c8b 
  0x00000220173ad5e0: 75c8 c348 | 8b5d e848 | 8b43 5849 | 8d8f b802 | 0000 c5f8 | 7749 89af | a802 0000 | 49ba f2d5 
  0x00000220173ad600: 3a17 2002 | 0000 4d89 | 97a0 0200 | 0049 89a7 | 9802 0000 | 41c7 8748 | 0300 0004 | 0000 00ff 
  0x00000220173ad620: d0c5 f877 | 4883 ec10 | c5fb 1104 | 2448 83ec | 1048 8904 | 2448 c744 | 2408 0000 | 0000 41c7 
  0x00000220173ad640: 8748 0300 | 0005 0000 | 00f0 8344 | 24c0 0049 | 3baf 5003 | 0000 0f87 | 1100 0000 | 4181 bf38 
  0x00000220173ad660: 0300 0000 | 0000 000f | 8421 0000 | 0049 8bcf | 4c8b e448 | 83ec 2048 | 83e4 f049 | baf0 407f 
  0x00000220173ad680: 92f8 7f00 | 0041 ffd2 | 498b e44d | 33e4 41c7 | 8748 0300 | 0008 0000 | 0049 c787 | 9802 0000 
  0x00000220173ad6a0: 0000 0000 | 49c7 87a8 | 0200 0000 | 0000 0049 | c787 a002 | 0000 0000 | 0000 c5f8 | 774d 8b9f 
  0x00000220173ad6c0: d800 0000 | 41c7 8300 | 0100 0000 | 0000 0049 | bb7b af3a | 1720 0200 | 004c 3b5d | 180f 85b9 
  0x00000220173ad6e0: 0000 0048 | 8b04 2448 | 83c4 1048 | 85c0 0f84 | 9300 0000 | 48f7 c001 | 0000 000f | 8483 0000 
  0x00000220173ad700: 0048 8b40 | ff41 807f | 3800 0f84 | 6f00 0000 | 4883 f800 | 0f84 6500 | 0000 4d8b | 5f20 4983 
  0x00000220173ad720: fb00 0f84 | 1400 0000 | 4983 eb08 | 4d89 5f20 | 4d03 5f30 | 4989 03e9 | 4300 0000 | 5049 8bd7 
  0x00000220173ad740: 488b c848 | 83ec 20f7 | c40f 0000 | 000f 841a | 0000 0048 | 83ec 0849 | ba60 502e | 92f8 7f00 
  0x00000220173ad760: 0041 ffd2 | 4883 c408 | e90d 0000 | 0049 ba60 | 502e 92f8 | 7f00 0041 | ffd2 4883 | c420 58e9 
  0x00000220173ad780: 0300 0000 | 488b 0048 | 8945 1048 | 83ec 1048 | 8904 2448 | c744 2408 | 0000 0000 | 4181 bfb8 
  0x00000220173ad7a0: 0300 0002 | 0000 000f | 85c0 0000 | 0048 81ec | 8000 0000 | 4889 4424 | 7848 894c | 2470 4889 
  0x00000220173ad7c0: 5424 6848 | 895c 2460 | 4889 6c24 | 5048 8974 | 2448 4889 | 7c24 404c | 8944 2438 | 4c89 4c24 
  0x00000220173ad7e0: 304c 8954 | 2428 4c89 | 5c24 204c | 8964 2418 | 4c89 6c24 | 104c 8974 | 2408 4c89 | 3c24 4c8b 
  0x00000220173ad800: e448 83ec | 2048 83e4 | f049 ba50 | 5c6f 92f8 | 7f00 0041 | ffd2 498b | e44c 8b3c | 244c 8b74 
  0x00000220173ad820: 2408 4c8b | 6c24 104c | 8b64 2418 | 4c8b 5c24 | 204c 8b54 | 2428 4c8b | 4c24 304c | 8b44 2438 
  0x00000220173ad840: 488b 7c24 | 4048 8b74 | 2448 488b | 6c24 5048 | 8b5c 2460 | 488b 5424 | 6848 8b4c | 2470 488b 
  0x00000220173ad860: 4424 7848 | 81c4 8000 | 0000 4d33 | e448 8b5d | e84c 8b6b | 084d 8d6d | 3049 817f | 0800 0000 
  0x00000220173ad880: 000f 84be | 0000 00e8 | 0500 0000 | e998 0000 | 0048 8d44 | 2408 4c89 | 6dc0 498b | cfc5 f877 
  0x00000220173ad8a0: 4989 afa8 | 0200 0049 | 8987 9802 | 0000 4883 | ec20 f7c4 | 0f00 0000 | 0f84 1a00 | 0000 4883 
  0x00000220173ad8c0: ec08 49ba | 307f 3992 | f87f 0000 | 41ff d248 | 83c4 08e9 | 0d00 0000 | 49ba 307f | 3992 f87f 
  0x00000220173ad8e0: 0000 41ff | d248 83c4 | 2049 c787 | 9802 0000 | 0000 0000 | 49c7 87a8 | 0200 0000 | 0000 0049 
  0x00000220173ad900: c787 a002 | 0000 0000 | 0000 c5f8 | 7749 817f | 0800 0000 | 000f 8405 | 0000 00e9 | e035 ffff 
  0x00000220173ad920: 4c8b 6dc0 | 4c8b 75c8 | c348 b940 | 9a93 92f8 | 7f00 0048 | 83e4 f049 | ba60 2f5c | 92f8 7f00 
  0x00000220173ad940: 0041 ffd2 | f444 8b5b | 2841 f7c3 | 2000 0000 | 0f84 3f01 | 0000 488d | 55a8 4c8b | 5a08 4d85 
  0x00000220173ad960: db0f 85be | 0000 00e8 | 0500 0000 | e998 0000 | 0048 8d44 | 2408 4c89 | 6dc0 498b | cfc5 f877 
  0x00000220173ad980: 4989 afa8 | 0200 0049 | 8987 9802 | 0000 4883 | ec20 f7c4 | 0f00 0000 | 0f84 1a00 | 0000 4883 
  0x00000220173ad9a0: ec08 49ba | 507e 3992 | f87f 0000 | 41ff d248 | 83c4 08e9 | 0d00 0000 | 49ba 507e | 3992 f87f 
  0x00000220173ad9c0: 0000 41ff | d248 83c4 | 2049 c787 | 9802 0000 | 0000 0000 | 49c7 87a8 | 0200 0000 | 0000 0049 
  0x00000220173ad9e0: c787 a002 | 0000 0000 | 0000 c5f8 | 7749 817f | 0800 0000 | 000f 8405 | 0000 00e9 | 0035 ffff 
  0x00000220173ada00: 4c8b 6dc0 | 4c8b 75c8 | c348 b940 | 9a93 92f8 | 7f00 0048 | 83e4 f049 | ba60 2f5c | 92f8 7f00 
  0x00000220173ada20: 0041 ffd2 | f44c 896d | c048 8d02 | 4c8b 4a08 | 48c7 4208 | 0000 0000 | 4c8b 004d | 85c0 0f84 
  0x00000220173ada40: 4d00 0000 | f04d 0fb1 | 010f 8442 | 0000 004c | 894a 0848 | 8bca 4883 | ec20 f7c4 | 0f00 0000 
  0x00000220173ada60: 0f84 1a00 | 0000 4883 | ec08 49ba | 8050 3992 | f87f 0000 | 41ff d248 | 83c4 08e9 | 0d00 0000 
  0x00000220173ada80: 49ba 8050 | 3992 f87f | 0000 41ff | d248 83c4 | 204c 8b6d | c049 ba2e | 35b9 92f8 | 7f00 0041 
  0x00000220173adaa0: 803a 000f | 8442 0000 | 0048 8b55 | e849 8bcf | 4883 ec20 | f7c4 0f00 | 0000 0f84 | 1a00 0000 
  0x00000220173adac0: 4883 ec08 | 49ba c02b | 6f92 f87f | 0000 41ff | d248 83c4 | 08e9 0d00 | 0000 49ba | c02b 6f92 
  0x00000220173adae0: f87f 0000 | 41ff d248 | 83c4 2048 | 8b04 2448 | 83c4 10c5 | fb10 0424 | 4883 c410 | 4c8b 5d18 
  0x00000220173adb00: 41ff d34c | 8b5d f8c9 | 5f49 8be3 | ffe7 ba00 | 0000 00e8 | 0500 0000 | e998 0000 | 0048 8d44 
  0x00000220173adb20: 2408 4c89 | 6dc0 498b | cfc5 f877 | 4989 afa8 | 0200 0049 | 8987 9802 | 0000 4883 | ec20 f7c4 
  0x00000220173adb40: 0f00 0000 | 0f84 1a00 | 0000 4883 | ec08 49ba | 8041 3992 | f87f 0000 | 41ff d248 | 83c4 08e9 
  0x00000220173adb60: 0d00 0000 | 49ba 8041 | 3992 f87f | 0000 41ff | d248 83c4 | 2049 c787 | 9802 0000 | 0000 0000 
  0x00000220173adb80: 49c7 87a8 | 0200 0000 | 0000 0049 | c787 a002 | 0000 0000 | 0000 c5f8 | 7749 817f | 0800 0000 
  0x00000220173adba0: 000f 8405 | 0000 00e9 | 5433 ffff | 4c8b 6dc0 | 4c8b 75c8 | c348 8b5d | e8e9 f7f7 | ffff 6690 
[/MachCode]

---------------  P R O C E S S  ---------------

Threads class SMR info:
_java_thread_list=0x0000022008146e40, length=13, elements={
0x000002206f07dc30, 0x0000022007ebfed0, 0x0000022007ecb3f0, 0x0000022007ee2250,
0x0000022007ef52d0, 0x0000022007ef6200, 0x0000022007ef8060, 0x0000022007ef9d90,
0x0000022007f1d380, 0x0000022007f288e0, 0x0000022007ef57e0, 0x0000022007ef5cf0,
0x0000022007ef7b50
}

Java Threads: ( => current thread )
=>0x000002206f07dc30 JavaThread "main" [_thread_in_native, id=19212, stack(0x00000099ca000000,0x00000099ca2e0000)]
  0x0000022007ebfed0 JavaThread "Reference Handler" daemon [_thread_blocked, id=15428, stack(0x00000099cdc60000,0x00000099cdf40000)]
  0x0000022007ecb3f0 JavaThread "Finalizer" daemon [_thread_blocked, id=7520, stack(0x00000099cdf40000,0x00000099ce220000)]
  0x0000022007ee2250 JavaThread "Signal Dispatcher" daemon [_thread_blocked, id=18824, stack(0x00000099ce220000,0x00000099ce500000)]
  0x0000022007ef52d0 JavaThread "Attach Listener" daemon [_thread_blocked, id=3516, stack(0x00000099ce500000,0x00000099ce7e0000)]
  0x0000022007ef6200 JavaThread "Service Thread" daemon [_thread_blocked, id=11360, stack(0x00000099ce7e0000,0x00000099ceac0000)]
  0x0000022007ef8060 JavaThread "Monitor Deflation Thread" daemon [_thread_blocked, id=8284, stack(0x00000099ceac0000,0x00000099ceda0000)]
  0x0000022007ef9d90 JavaThread "C2 CompilerThread0" daemon [_thread_blocked, id=9492, stack(0x00000099ceda0000,0x00000099cf080000)]
  0x0000022007f1d380 JavaThread "C1 CompilerThread0" daemon [_thread_blocked, id=7308, stack(0x00000099cf080000,0x00000099cf360000)]
  0x0000022007f288e0 JavaThread "Sweeper thread" daemon [_thread_blocked, id=13280, stack(0x00000099cf360000,0x00000099cf640000)]
  0x0000022007ef57e0 JavaThread "Notification Thread" daemon [_thread_blocked, id=6164, stack(0x00000099cf640000,0x00000099cf920000)]
  0x0000022007ef5cf0 JavaThread "Common-Cleaner" daemon [_thread_blocked, id=19156, stack(0x00000099cfc00000,0x00000099cfee0000)]
  0x0000022007ef7b50 JavaThread "Python Reference Queue" daemon [_thread_blocked, id=20224, stack(0x00000099cfee0000,0x00000099d01c0000)]

Other Threads:
  0x000002207f5f3e40 VMThread "VM Thread" [stack: 0x00000099cd980000,0x00000099cdc60000] [id=4892]
  0x000002207f67d020 WatcherThread [stack: 0x00000099cf920000,0x00000099cfc00000] [id=12752]
  0x000002206f0ba8b0 GCTaskThread "GC Thread#0" [stack: 0x00000099ccb20000,0x00000099cce00000] [id=660]
  0x000002207f500ff0 ConcurrentGCThread "G1 Main Marker" [stack: 0x00000099cce00000,0x00000099cd0e0000] [id=8048]
  0x000002206f0b8ff0 ConcurrentGCThread "G1 Conc#0" [stack: 0x00000099cd0e0000,0x00000099cd3c0000] [id=15928]
  0x000002207f506ac0 ConcurrentGCThread "G1 Refine#0" [stack: 0x00000099cd3c0000,0x00000099cd6a0000] [id=16760]
  0x000002207f66fc70 ConcurrentGCThread "G1 Service" [stack: 0x00000099cd6a0000,0x00000099cd980000] [id=15172]

Threads with active compile tasks:

VM state: not at safepoint (normal execution)

VM Mutex/Monitor currently owned by a thread: None

Heap address: 0x0000000682400000, size: 6108 MB, Compressed Oops mode: Zero based, Oop shift amount: 3

CDS archive(s) mapped at: [0x0000022080000000-0x0000022080ba0000-0x0000022080ba0000), size 12189696, SharedBaseAddress: 0x0000022080000000, ArchiveRelocationMode: 1.
Compressed class space mapped at: 0x0000022081000000-0x00000220c1000000, reserved size: 1073741824
Narrow klass base: 0x0000022080000000, Narrow klass shift: 0, Narrow klass range: 0x100000000

GC Precious Log:
 CPUs: 12 total, 12 available
 Memory: 24428M
 Large Page Support: Disabled
 NUMA Support: Disabled
 Compressed Oops: Enabled (Zero based)
 Heap Region Size: 4M
 Heap Min Capacity: 8M
 Heap Initial Capacity: 384M
 Heap Max Capacity: 6108M
 Pre-touch: Disabled
 Parallel Workers: 10
 Concurrent Workers: 3
 Concurrent Refinement Workers: 10
 Periodic GC: Disabled

Heap:
 garbage-first heap   total 393216K, used 4096K [0x0000000682400000, 0x0000000800000000)
  region size 4096K, 2 young (8192K), 0 survivors (0K)
 Metaspace       used 1515K, committed 1664K, reserved 1114112K
  class space    used 141K, committed 192K, reserved 1048576K

Heap Regions: E=young(eden), S=young(survivor), O=old, HS=humongous(starts), HC=humongous(continues), CS=collection set, F=free, OA=open archive, CA=closed archive, TAMS=top-at-mark-start (previous, next)
|   0|0x0000000682400000, 0x0000000682400000, 0x0000000682800000|  0%| F|  |TAMS 0x0000000682400000, 0x0000000682400000| Untracked 
|   1|0x0000000682800000, 0x0000000682800000, 0x0000000682c00000|  0%| F|  |TAMS 0x0000000682800000, 0x0000000682800000| Untracked 
|   2|0x0000000682c00000, 0x0000000682c00000, 0x0000000683000000|  0%| F|  |TAMS 0x0000000682c00000, 0x0000000682c00000| Untracked 
|   3|0x0000000683000000, 0x0000000683000000, 0x0000000683400000|  0%| F|  |TAMS 0x0000000683000000, 0x0000000683000000| Untracked 
|   4|0x0000000683400000, 0x0000000683400000, 0x0000000683800000|  0%| F|  |TAMS 0x0000000683400000, 0x0000000683400000| Untracked 
|   5|0x0000000683800000, 0x0000000683800000, 0x0000000683c00000|  0%| F|  |TAMS 0x0000000683800000, 0x0000000683800000| Untracked 
|   6|0x0000000683c00000, 0x0000000683c00000, 0x0000000684000000|  0%| F|  |TAMS 0x0000000683c00000, 0x0000000683c00000| Untracked 
|   7|0x0000000684000000, 0x0000000684000000, 0x0000000684400000|  0%| F|  |TAMS 0x0000000684000000, 0x0000000684000000| Untracked 
|   8|0x0000000684400000, 0x0000000684400000, 0x0000000684800000|  0%| F|  |TAMS 0x0000000684400000, 0x0000000684400000| Untracked 
|   9|0x0000000684800000, 0x0000000684800000, 0x0000000684c00000|  0%| F|  |TAMS 0x0000000684800000, 0x0000000684800000| Untracked 
|  10|0x0000000684c00000, 0x0000000684c00000, 0x0000000685000000|  0%| F|  |TAMS 0x0000000684c00000, 0x0000000684c00000| Untracked 
|  11|0x0000000685000000, 0x0000000685000000, 0x0000000685400000|  0%| F|  |TAMS 0x0000000685000000, 0x0000000685000000| Untracked 
|  12|0x0000000685400000, 0x0000000685400000, 0x0000000685800000|  0%| F|  |TAMS 0x0000000685400000, 0x0000000685400000| Untracked 
|  13|0x0000000685800000, 0x0000000685800000, 0x0000000685c00000|  0%| F|  |TAMS 0x0000000685800000, 0x0000000685800000| Untracked 
|  14|0x0000000685c00000, 0x0000000685c00000, 0x0000000686000000|  0%| F|  |TAMS 0x0000000685c00000, 0x0000000685c00000| Untracked 
|  15|0x0000000686000000, 0x0000000686000000, 0x0000000686400000|  0%| F|  |TAMS 0x0000000686000000, 0x0000000686000000| Untracked 
|  16|0x0000000686400000, 0x0000000686400000, 0x0000000686800000|  0%| F|  |TAMS 0x0000000686400000, 0x0000000686400000| Untracked 
|  17|0x0000000686800000, 0x0000000686800000, 0x0000000686c00000|  0%| F|  |TAMS 0x0000000686800000, 0x0000000686800000| Untracked 
|  18|0x0000000686c00000, 0x0000000686c00000, 0x0000000687000000|  0%| F|  |TAMS 0x0000000686c00000, 0x0000000686c00000| Untracked 
|  19|0x0000000687000000, 0x0000000687000000, 0x0000000687400000|  0%| F|  |TAMS 0x0000000687000000, 0x0000000687000000| Untracked 
|  20|0x0000000687400000, 0x0000000687400000, 0x0000000687800000|  0%| F|  |TAMS 0x0000000687400000, 0x0000000687400000| Untracked 
|  21|0x0000000687800000, 0x0000000687800000, 0x0000000687c00000|  0%| F|  |TAMS 0x0000000687800000, 0x0000000687800000| Untracked 
|  22|0x0000000687c00000, 0x0000000687c00000, 0x0000000688000000|  0%| F|  |TAMS 0x0000000687c00000, 0x0000000687c00000| Untracked 
|  23|0x0000000688000000, 0x0000000688000000, 0x0000000688400000|  0%| F|  |TAMS 0x0000000688000000, 0x0000000688000000| Untracked 
|  24|0x0000000688400000, 0x0000000688400000, 0x0000000688800000|  0%| F|  |TAMS 0x0000000688400000, 0x0000000688400000| Untracked 
|  25|0x0000000688800000, 0x0000000688800000, 0x0000000688c00000|  0%| F|  |TAMS 0x0000000688800000, 0x0000000688800000| Untracked 
|  26|0x0000000688c00000, 0x0000000688c00000, 0x0000000689000000|  0%| F|  |TAMS 0x0000000688c00000, 0x0000000688c00000| Untracked 
|  27|0x0000000689000000, 0x0000000689000000, 0x0000000689400000|  0%| F|  |TAMS 0x0000000689000000, 0x0000000689000000| Untracked 
|  28|0x0000000689400000, 0x0000000689400000, 0x0000000689800000|  0%| F|  |TAMS 0x0000000689400000, 0x0000000689400000| Untracked 
|  29|0x0000000689800000, 0x0000000689800000, 0x0000000689c00000|  0%| F|  |TAMS 0x0000000689800000, 0x0000000689800000| Untracked 
|  30|0x0000000689c00000, 0x0000000689c00000, 0x000000068a000000|  0%| F|  |TAMS 0x0000000689c00000, 0x0000000689c00000| Untracked 
|  31|0x000000068a000000, 0x000000068a000000, 0x000000068a400000|  0%| F|  |TAMS 0x000000068a000000, 0x000000068a000000| Untracked 
|  32|0x000000068a400000, 0x000000068a400000, 0x000000068a800000|  0%| F|  |TAMS 0x000000068a400000, 0x000000068a400000| Untracked 
|  33|0x000000068a800000, 0x000000068a800000, 0x000000068ac00000|  0%| F|  |TAMS 0x000000068a800000, 0x000000068a800000| Untracked 
|  34|0x000000068ac00000, 0x000000068ac00000, 0x000000068b000000|  0%| F|  |TAMS 0x000000068ac00000, 0x000000068ac00000| Untracked 
|  35|0x000000068b000000, 0x000000068b000000, 0x000000068b400000|  0%| F|  |TAMS 0x000000068b000000, 0x000000068b000000| Untracked 
|  36|0x000000068b400000, 0x000000068b400000, 0x000000068b800000|  0%| F|  |TAMS 0x000000068b400000, 0x000000068b400000| Untracked 
|  37|0x000000068b800000, 0x000000068b800000, 0x000000068bc00000|  0%| F|  |TAMS 0x000000068b800000, 0x000000068b800000| Untracked 
|  38|0x000000068bc00000, 0x000000068bc00000, 0x000000068c000000|  0%| F|  |TAMS 0x000000068bc00000, 0x000000068bc00000| Untracked 
|  39|0x000000068c000000, 0x000000068c000000, 0x000000068c400000|  0%| F|  |TAMS 0x000000068c000000, 0x000000068c000000| Untracked 
|  40|0x000000068c400000, 0x000000068c400000, 0x000000068c800000|  0%| F|  |TAMS 0x000000068c400000, 0x000000068c400000| Untracked 
|  41|0x000000068c800000, 0x000000068c800000, 0x000000068cc00000|  0%| F|  |TAMS 0x000000068c800000, 0x000000068c800000| Untracked 
|  42|0x000000068cc00000, 0x000000068cc00000, 0x000000068d000000|  0%| F|  |TAMS 0x000000068cc00000, 0x000000068cc00000| Untracked 
|  43|0x000000068d000000, 0x000000068d000000, 0x000000068d400000|  0%| F|  |TAMS 0x000000068d000000, 0x000000068d000000| Untracked 
|  44|0x000000068d400000, 0x000000068d400000, 0x000000068d800000|  0%| F|  |TAMS 0x000000068d400000, 0x000000068d400000| Untracked 
|  45|0x000000068d800000, 0x000000068d800000, 0x000000068dc00000|  0%| F|  |TAMS 0x000000068d800000, 0x000000068d800000| Untracked 
|  46|0x000000068dc00000, 0x000000068dc00000, 0x000000068e000000|  0%| F|  |TAMS 0x000000068dc00000, 0x000000068dc00000| Untracked 
|  47|0x000000068e000000, 0x000000068e000000, 0x000000068e400000|  0%| F|  |TAMS 0x000000068e000000, 0x000000068e000000| Untracked 
|  48|0x000000068e400000, 0x000000068e400000, 0x000000068e800000|  0%| F|  |TAMS 0x000000068e400000, 0x000000068e400000| Untracked 
|  49|0x000000068e800000, 0x000000068e800000, 0x000000068ec00000|  0%| F|  |TAMS 0x000000068e800000, 0x000000068e800000| Untracked 
|  50|0x000000068ec00000, 0x000000068ec00000, 0x000000068f000000|  0%| F|  |TAMS 0x000000068ec00000, 0x000000068ec00000| Untracked 
|  51|0x000000068f000000, 0x000000068f000000, 0x000000068f400000|  0%| F|  |TAMS 0x000000068f000000, 0x000000068f000000| Untracked 
|  52|0x000000068f400000, 0x000000068f400000, 0x000000068f800000|  0%| F|  |TAMS 0x000000068f400000, 0x000000068f400000| Untracked 
|  53|0x000000068f800000, 0x000000068f800000, 0x000000068fc00000|  0%| F|  |TAMS 0x000000068f800000, 0x000000068f800000| Untracked 
|  54|0x000000068fc00000, 0x000000068fc00000, 0x0000000690000000|  0%| F|  |TAMS 0x000000068fc00000, 0x000000068fc00000| Untracked 
|  55|0x0000000690000000, 0x0000000690000000, 0x0000000690400000|  0%| F|  |TAMS 0x0000000690000000, 0x0000000690000000| Untracked 
|  56|0x0000000690400000, 0x0000000690400000, 0x0000000690800000|  0%| F|  |TAMS 0x0000000690400000, 0x0000000690400000| Untracked 
|  57|0x0000000690800000, 0x0000000690800000, 0x0000000690c00000|  0%| F|  |TAMS 0x0000000690800000, 0x0000000690800000| Untracked 
|  58|0x0000000690c00000, 0x0000000690c00000, 0x0000000691000000|  0%| F|  |TAMS 0x0000000690c00000, 0x0000000690c00000| Untracked 
|  59|0x0000000691000000, 0x0000000691000000, 0x0000000691400000|  0%| F|  |TAMS 0x0000000691000000, 0x0000000691000000| Untracked 
|  60|0x0000000691400000, 0x0000000691400000, 0x0000000691800000|  0%| F|  |TAMS 0x0000000691400000, 0x0000000691400000| Untracked 
|  61|0x0000000691800000, 0x0000000691800000, 0x0000000691c00000|  0%| F|  |TAMS 0x0000000691800000, 0x0000000691800000| Untracked 
|  62|0x0000000691c00000, 0x0000000691c00000, 0x0000000692000000|  0%| F|  |TAMS 0x0000000691c00000, 0x0000000691c00000| Untracked 
|  63|0x0000000692000000, 0x0000000692000000, 0x0000000692400000|  0%| F|  |TAMS 0x0000000692000000, 0x0000000692000000| Untracked 
|  64|0x0000000692400000, 0x0000000692400000, 0x0000000692800000|  0%| F|  |TAMS 0x0000000692400000, 0x0000000692400000| Untracked 
|  65|0x0000000692800000, 0x0000000692800000, 0x0000000692c00000|  0%| F|  |TAMS 0x0000000692800000, 0x0000000692800000| Untracked 
|  66|0x0000000692c00000, 0x0000000692c00000, 0x0000000693000000|  0%| F|  |TAMS 0x0000000692c00000, 0x0000000692c00000| Untracked 
|  67|0x0000000693000000, 0x0000000693000000, 0x0000000693400000|  0%| F|  |TAMS 0x0000000693000000, 0x0000000693000000| Untracked 
|  68|0x0000000693400000, 0x0000000693400000, 0x0000000693800000|  0%| F|  |TAMS 0x0000000693400000, 0x0000000693400000| Untracked 
|  69|0x0000000693800000, 0x0000000693800000, 0x0000000693c00000|  0%| F|  |TAMS 0x0000000693800000, 0x0000000693800000| Untracked 
|  70|0x0000000693c00000, 0x0000000693c00000, 0x0000000694000000|  0%| F|  |TAMS 0x0000000693c00000, 0x0000000693c00000| Untracked 
|  71|0x0000000694000000, 0x0000000694000000, 0x0000000694400000|  0%| F|  |TAMS 0x0000000694000000, 0x0000000694000000| Untracked 
|  72|0x0000000694400000, 0x0000000694400000, 0x0000000694800000|  0%| F|  |TAMS 0x0000000694400000, 0x0000000694400000| Untracked 
|  73|0x0000000694800000, 0x0000000694800000, 0x0000000694c00000|  0%| F|  |TAMS 0x0000000694800000, 0x0000000694800000| Untracked 
|  74|0x0000000694c00000, 0x0000000694c00000, 0x0000000695000000|  0%| F|  |TAMS 0x0000000694c00000, 0x0000000694c00000| Untracked 
|  75|0x0000000695000000, 0x0000000695000000, 0x0000000695400000|  0%| F|  |TAMS 0x0000000695000000, 0x0000000695000000| Untracked 
|  76|0x0000000695400000, 0x0000000695400000, 0x0000000695800000|  0%| F|  |TAMS 0x0000000695400000, 0x0000000695400000| Untracked 
|  77|0x0000000695800000, 0x0000000695800000, 0x0000000695c00000|  0%| F|  |TAMS 0x0000000695800000, 0x0000000695800000| Untracked 
|  78|0x0000000695c00000, 0x0000000695c00000, 0x0000000696000000|  0%| F|  |TAMS 0x0000000695c00000, 0x0000000695c00000| Untracked 
|  79|0x0000000696000000, 0x0000000696000000, 0x0000000696400000|  0%| F|  |TAMS 0x0000000696000000, 0x0000000696000000| Untracked 
|  80|0x0000000696400000, 0x0000000696400000, 0x0000000696800000|  0%| F|  |TAMS 0x0000000696400000, 0x0000000696400000| Untracked 
|  81|0x0000000696800000, 0x0000000696800000, 0x0000000696c00000|  0%| F|  |TAMS 0x0000000696800000, 0x0000000696800000| Untracked 
|  82|0x0000000696c00000, 0x0000000696c00000, 0x0000000697000000|  0%| F|  |TAMS 0x0000000696c00000, 0x0000000696c00000| Untracked 
|  83|0x0000000697000000, 0x0000000697000000, 0x0000000697400000|  0%| F|  |TAMS 0x0000000697000000, 0x0000000697000000| Untracked 
|  84|0x0000000697400000, 0x0000000697400000, 0x0000000697800000|  0%| F|  |TAMS 0x0000000697400000, 0x0000000697400000| Untracked 
|  85|0x0000000697800000, 0x0000000697800000, 0x0000000697c00000|  0%| F|  |TAMS 0x0000000697800000, 0x0000000697800000| Untracked 
|  86|0x0000000697c00000, 0x0000000697c00000, 0x0000000698000000|  0%| F|  |TAMS 0x0000000697c00000, 0x0000000697c00000| Untracked 
|  87|0x0000000698000000, 0x0000000698000000, 0x0000000698400000|  0%| F|  |TAMS 0x0000000698000000, 0x0000000698000000| Untracked 
|  88|0x0000000698400000, 0x0000000698400000, 0x0000000698800000|  0%| F|  |TAMS 0x0000000698400000, 0x0000000698400000| Untracked 
|  89|0x0000000698800000, 0x0000000698800000, 0x0000000698c00000|  0%| F|  |TAMS 0x0000000698800000, 0x0000000698800000| Untracked 
|  90|0x0000000698c00000, 0x0000000698c00000, 0x0000000699000000|  0%| F|  |TAMS 0x0000000698c00000, 0x0000000698c00000| Untracked 
|  91|0x0000000699000000, 0x0000000699000000, 0x0000000699400000|  0%| F|  |TAMS 0x0000000699000000, 0x0000000699000000| Untracked 
|  92|0x0000000699400000, 0x0000000699400000, 0x0000000699800000|  0%| F|  |TAMS 0x0000000699400000, 0x0000000699400000| Untracked 
|  93|0x0000000699800000, 0x0000000699800000, 0x0000000699c00000|  0%| F|  |TAMS 0x0000000699800000, 0x0000000699800000| Untracked 
|  94|0x0000000699c00000, 0x0000000699c66ea0, 0x000000069a000000| 10%| E|  |TAMS 0x0000000699c00000, 0x0000000699c00000| Complete 
|  95|0x000000069a000000, 0x000000069a400000, 0x000000069a400000|100%| E|CS|TAMS 0x000000069a000000, 0x000000069a000000| Complete 

Card table byte_map: [0x000002201ffb0000,0x0000022020ba0000] _byte_map_base: 0x000002201cb9e000

Marking Bits (Prev, Next): (CMBitMap*) 0x0000022007cbbb00, (CMBitMap*) 0x0000022007cbbb40
 Prev Bits: [0x0000022021790000, 0x0000022027700000)
 Next Bits: [0x0000022027700000, 0x000002202d670000)

Polling page: 0x0000022007410000

Metaspace:

Usage:
  Non-class:      1.34 MB used.
      Class:    141.30 KB used.
       Both:      1.48 MB used.

Virtual space:
  Non-class space:       64.00 MB reserved,       1.44 MB (  2%) committed,  1 nodes.
      Class space:        1.00 GB reserved,     192.00 KB ( <1%) committed,  1 nodes.
             Both:        1.06 GB reserved,       1.62 MB ( <1%) committed. 

Chunk freelists:
   Non-Class:  11.85 MB
       Class:  15.72 MB
        Both:  27.57 MB

MaxMetaspaceSize: unlimited
CompressedClassSpaceSize: 1.00 GB
Initial GC threshold: 21.00 MB
Current GC threshold: 21.00 MB
CDS: on
MetaspaceReclaimPolicy: balanced
 - commit_granule_bytes: 65536.
 - commit_granule_words: 8192.
 - virtual_space_node_default_size: 8388608.
 - enlarge_chunks_in_place: 1.
 - new_chunks_are_fully_committed: 0.
 - uncommit_free_chunks: 1.
 - use_allocation_guard: 0.
 - handle_deallocations: 1.


Internal statistics:

num_allocs_failed_limit: 0.
num_arena_births: 36.
num_arena_deaths: 0.
num_vsnodes_births: 2.
num_vsnodes_deaths: 0.
num_space_committed: 26.
num_space_uncommitted: 0.
num_chunks_returned_to_freelist: 0.
num_chunks_taken_from_freelist: 51.
num_chunk_merges: 0.
num_chunk_splits: 34.
num_chunks_enlarged: 19.
num_inconsistent_stats: 0.

CodeHeap 'non-profiled nmethods': size=120000Kb used=104Kb max_used=104Kb free=119895Kb
 bounds [0x0000022017940000, 0x0000022017bb0000, 0x000002201ee70000]
CodeHeap 'profiled nmethods': size=120000Kb used=642Kb max_used=642Kb free=119357Kb
 bounds [0x000002200fe70000, 0x00000220100e0000, 0x00000220173a0000]
CodeHeap 'non-nmethods': size=5760Kb used=1113Kb max_used=1128Kb free=4646Kb
 bounds [0x00000220173a0000, 0x0000022017610000, 0x0000022017940000]
 total_blobs=812 nmethods=420 adapters=305
 compilation: enabled
              stopped_count=0, restarted_count=0
 full_count=0

Compilation events (20 events):
Event: 0.246 Thread 0x0000022007f1d380  411       3       java.util.StringJoiner::add (110 bytes)
Event: 0.246 Thread 0x0000022007f1d380 nmethod 411 0x000002200ff05d90 code [0x000002200ff05fe0, 0x000002200ff06ad8]
Event: 0.247 Thread 0x0000022007f1d380  413       3       java.lang.reflect.Method::isVarArgs (5 bytes)
Event: 0.248 Thread 0x0000022007ef9d90 nmethod 406 0x0000022017959790 code [0x0000022017959920, 0x0000022017959d78]
Event: 0.248 Thread 0x0000022007ef9d90  412       4       org.jpype.manager.MethodResolution::of (2 bytes)
Event: 0.248 Thread 0x0000022007ef9d90 nmethod 412 0x0000022017959f10 code [0x000002201795a080, 0x000002201795a0d8]
Event: 0.248 Thread 0x0000022007f1d380 nmethod 413 0x000002200ff06e90 code [0x000002200ff07020, 0x000002200ff07218]
Event: 0.248 Thread 0x0000022007f1d380  417       3       org.jpype.manager.MethodResolution::isMoreSpecificThan (65 bytes)
Event: 0.249 Thread 0x0000022007f1d380 nmethod 417 0x000002200ff07310 code [0x000002200ff07540, 0x000002200ff07dd8]
Event: 0.249 Thread 0x0000022007f1d380  414       3       java.util.AbstractCollection::isEmpty (13 bytes)
Event: 0.249 Thread 0x0000022007f1d380 nmethod 414 0x000002200ff07f90 code [0x000002200ff08140, 0x000002200ff08368]
Event: 0.249 Thread 0x0000022007f1d380  415       3       java.lang.reflect.Method::getRoot (5 bytes)
Event: 0.249 Thread 0x0000022007f1d380 nmethod 415 0x000002200ff08410 code [0x000002200ff085a0, 0x000002200ff086b8]
Event: 0.249 Thread 0x0000022007f1d380  416   !   3       java.lang.reflect.Executable::declaredAnnotations (85 bytes)
Event: 0.249 Thread 0x0000022007f1d380 nmethod 416 0x000002200ff08790 code [0x000002200ff089c0, 0x000002200ff092e8]
Event: 0.249 Thread 0x0000022007f1d380  418       3       org.jpype.manager.MethodResolution::isMoreSpecificThan (519 bytes)
Event: 0.251 Thread 0x0000022007f1d380 nmethod 418 0x000002200ff09690 code [0x000002200ff09e40, 0x000002200ff0e608]
Event: 0.251 Thread 0x0000022007f1d380  420       3       java.util.zip.ZipFile::ensureOpen (40 bytes)
Event: 0.252 Thread 0x0000022007f1d380 nmethod 420 0x000002200ff10010 code [0x000002200ff101e0, 0x000002200ff10478]
Event: 0.252 Thread 0x0000022007f1d380  419       3       java.lang.ClassLoader::getClassLoadingLock (35 bytes)

GC Heap History (0 events):
No events

Dll operation events (6 events):
Event: 0.007 Loaded shared library C:\Users\Kavee\AppData\Local\Programs\Eclipse Adoptium\jdk-17.0.9.9-hotspot\bin\java.dll
Event: 0.029 Loaded shared library C:\Users\Kavee\AppData\Local\Programs\Eclipse Adoptium\jdk-17.0.9.9-hotspot\bin\jsvml.dll
Event: 0.075 Loaded shared library C:\Users\Kavee\AppData\Local\Programs\Eclipse Adoptium\jdk-17.0.9.9-hotspot\bin\net.dll
Event: 0.076 Loaded shared library C:\Users\Kavee\AppData\Local\Programs\Eclipse Adoptium\jdk-17.0.9.9-hotspot\bin\nio.dll
Event: 0.081 Loaded shared library C:\Users\Kavee\AppData\Local\Programs\Eclipse Adoptium\jdk-17.0.9.9-hotspot\bin\zip.dll
Event: 0.153 Loaded shared library C:\Users\Kavee\AppData\Local\Programs\Python\Python313\Lib\site-packages\_jpype.cp313-win_amd64.pyd

Deoptimization events (2 events):
Event: 0.235 Thread 0x000002206f07dc30 DEOPT PACKING pc=0x000002200fe83ae7 sp=0x00000099ca2dba70
Event: 0.235 Thread 0x000002206f07dc30 DEOPT UNPACKING pc=0x00000220173f7143 sp=0x00000099ca2dae90 mode 0

Classes unloaded (0 events):
No events

Classes redefined (0 events):
No events

Internal exceptions (9 events):
Event: 0.088 Thread 0x000002206f07dc30 Exception <a 'java/lang/NoClassDefFoundError'{0x000000069a1215b0}: org/jpype/classloader/DynamicClassLoader> (0x000000069a1215b0) 
thrown [s\src\hotspot\share\classfile\systemDictionary.cpp, line 245]
Event: 0.156 Thread 0x000002206f07dc30 Exception <a 'java/lang/NoSuchMethodError'{0x000000069a242780}: 'int java.lang.invoke.DirectMethodHandle$Holder.invokeStaticInit(java.lang.Object, java.lang.Object)'> (0x000000069a242780) 
thrown [s\src\hotspot\share\interpreter\linkResolver.cpp, line 759]
Event: 0.157 Thread 0x000002206f07dc30 Exception <a 'java/lang/NoSuchMethodError'{0x000000069a249300}: 'java.lang.Object java.lang.invoke.DirectMethodHandle$Holder.invokeStaticInit(java.lang.Object, int)'> (0x000000069a249300) 
thrown [s\src\hotspot\share\interpreter\linkResolver.cpp, line 759]
Event: 0.160 Thread 0x000002206f07dc30 Exception <a 'java/lang/NoSuchMethodError'{0x000000069a2549f8}: 'int java.lang.invoke.DirectMethodHandle$Holder.invokeSpecial(java.lang.Object, java.lang.Object, java.lang.Object)'> (0x000000069a2549f8) 
thrown [s\src\hotspot\share\interpreter\linkResolver.cpp, line 759]
Event: 0.164 Thread 0x000002206f07dc30 Exception <a 'java/lang/NoSuchMethodError'{0x000000069a26a558}: 'java.lang.Object java.lang.invoke.DirectMethodHandle$Holder.invokeStatic(java.lang.Object, java.lang.Object, int)'> (0x000000069a26a558) 
thrown [s\src\hotspot\share\interpreter\linkResolver.cpp, line 759]
Event: 0.165 Thread 0x000002206f07dc30 Exception <a 'java/lang/NoSuchMethodError'{0x000000069a276118}: 'void java.lang.invoke.DelegatingMethodHandle$Holder.delegate(java.lang.Object, java.lang.Object, int, java.lang.Object)'> (0x000000069a276118) 
thrown [s\src\hotspot\share\interpreter\linkResolver.cpp, line 759]
Event: 0.172 Thread 0x000002206f07dc30 Exception <a 'java/lang/NoSuchMethodError'{0x000000069a29dce8}: 'java.lang.Object java.lang.invoke.Invokers$Holder.invokeExact_MT(java.lang.Object, java.lang.Object, java.lang.Object)'> (0x000000069a29dce8) 
thrown [s\src\hotspot\share\interpreter\linkResolver.cpp, line 759]
Event: 0.196 Thread 0x000002206f07dc30 Exception <a 'java/lang/NoSuchMethodError'{0x000000069a318478}: 'java.lang.Object java.lang.invoke.DirectMethodHandle$Holder.invokeInterface(java.lang.Object, java.lang.Object)'> (0x000000069a318478) 
thrown [s\src\hotspot\share\interpreter\linkResolver.cpp, line 759]
Event: 0.196 Thread 0x000002206f07dc30 Exception <a 'java/lang/IncompatibleClassChangeError'{0x000000069a31ba68}: Found class java.lang.Object, but interface was expected> (0x000000069a31ba68) 
thrown [s\src\hotspot\share\interpreter\linkResolver.cpp, line 826]

VM Operations (2 events):
Event: 0.083 Executing VM operation: HandshakeAllThreads
Event: 0.083 Executing VM operation: HandshakeAllThreads done

Events (20 events):
Event: 0.225 loading class jdk/internal/reflect/UTF8
Event: 0.225 loading class jdk/internal/reflect/UTF8 done
Event: 0.226 loading class jdk/internal/reflect/Label
Event: 0.226 loading class jdk/internal/reflect/Label done
Event: 0.226 loading class jdk/internal/reflect/Label$PatchInfo
Event: 0.226 loading class jdk/internal/reflect/Label$PatchInfo done
Event: 0.226 loading class jdk/internal/reflect/MethodAccessorGenerator$1
Event: 0.226 loading class jdk/internal/reflect/MethodAccessorGenerator$1 done
Event: 0.226 loading class jdk/internal/reflect/ClassDefiner
Event: 0.226 loading class jdk/internal/reflect/ClassDefiner done
Event: 0.226 loading class jdk/internal/reflect/ClassDefiner$1
Event: 0.226 loading class jdk/internal/reflect/ClassDefiner$1 done
Event: 0.226 loading class jdk/internal/reflect/BootstrapConstructorAccessorImpl
Event: 0.226 loading class jdk/internal/reflect/BootstrapConstructorAccessorImpl done
Event: 0.233 loading class java/lang/Deprecated
Event: 0.234 loading class java/lang/Deprecated done
Event: 0.234 loading class java/lang/annotation/Documented
Event: 0.234 loading class java/lang/annotation/Documented done
Event: 0.242 loading class java/nio/charset/CharacterCodingException
Event: 0.242 loading class java/nio/charset/CharacterCodingException done


Dynamic libraries:
0x00007ff6affd0000 - 0x00007ff6affea000 	C:\Users\Kavee\AppData\Local\Programs\Python\Python313\python.exe
0x00007ff8e6470000 - 0x00007ff8e6687000 	C:\WINDOWS\SYSTEM32\ntdll.dll
0x00007ff8e5c70000 - 0x00007ff8e5d34000 	C:\WINDOWS\System32\KERNEL32.DLL
0x00007ff8e3770000 - 0x00007ff8e3b29000 	C:\WINDOWS\System32\KERNELBASE.dll
0x00007ff8e3e80000 - 0x00007ff8e3f91000 	C:\WINDOWS\System32\ucrtbase.dll
0x00007ff8b2ef0000 - 0x00007ff8b2f0e000 	C:\Users\Kavee\AppData\Local\Programs\Python\Python313\VCRUNTIME140.dll
0x00007ff894790000 - 0x00007ff894ddc000 	C:\Users\Kavee\AppData\Local\Programs\Python\Python313\python313.dll
0x00007ff8e6390000 - 0x00007ff8e6401000 	C:\WINDOWS\System32\WS2_32.dll
0x00007ff8e5f50000 - 0x00007ff8e6064000 	C:\WINDOWS\System32\RPCRT4.dll
0x00007ff8dc620000 - 0x00007ff8dc62a000 	C:\WINDOWS\SYSTEM32\VERSION.dll
0x00007ff8e40f0000 - 0x00007ff8e4118000 	C:\WINDOWS\System32\bcrypt.dll
0x00007ff8e62e0000 - 0x00007ff8e6387000 	C:\WINDOWS\System32\msvcrt.dll
0x00007ff8e4ed0000 - 0x00007ff8e4f82000 	C:\WINDOWS\System32\ADVAPI32.dll
0x00007ff8e4980000 - 0x00007ff8e4a27000 	C:\WINDOWS\System32\sechost.dll
0x00007ff8e3fa0000 - 0x00007ff8e401b000 	C:\WINDOWS\System32\bcryptprimitives.dll
0x000002206eaa0000 - 0x000002206eab0000 	C:\Users\Kavee\AppData\Local\Programs\Python\Python313\python3.DLL
0x00007ff8a0a00000 - 0x00007ff8a0a78000 	C:\Users\Kavee\AppData\Local\Programs\Python\Python313\Lib\site-packages\_jpype.cp313-win_amd64.pyd
0x00007ff8bf380000 - 0x00007ff8bf38c000 	C:\Users\Kavee\AppData\Local\Programs\Python\Python313\VCRUNTIME140_1.dll
0x00007ff8c0bf0000 - 0x00007ff8c0c7d000 	C:\WINDOWS\SYSTEM32\MSVCP140.dll
0x00007ff8a11b0000 - 0x00007ff8a11f5000 	C:\Users\Kavee\AppData\Local\Programs\Python\Python313\DLLs\_decimal.pyd
0x00007ff894fe0000 - 0x00007ff8953f6000 	C:\Users\Kavee\AppData\Local\Programs\Python\Python313\Lib\site-packages\numpy\_core\_multiarray_umath.cp313-win_amd64.pyd
0x00007ff8a0230000 - 0x00007ff8a02bd000 	C:\Users\Kavee\AppData\Local\Programs\Python\Python313\Lib\site-packages\numpy.libs\msvcp140-d64049c6e3865410a7dda6a7e9f0c575.dll
0x00007ff893420000 - 0x00007ff894786000 	C:\Users\Kavee\AppData\Local\Programs\Python\Python313\Lib\site-packages\numpy.libs\libscipy_openblas64_-43e11ff0749b8cbe0a615c9cf6737e0e.dll
0x00007ff8ae060000 - 0x00007ff8ae082000 	C:\Users\Kavee\AppData\Local\Programs\Python\Python313\DLLs\_ctypes.pyd
0x00007ff8e6070000 - 0x00007ff8e6215000 	C:\WINDOWS\System32\ole32.dll
0x00007ff8e4020000 - 0x00007ff8e40ba000 	C:\WINDOWS\System32\msvcp_win.dll
0x00007ff8bb8c0000 - 0x00007ff8bb8cb000 	C:\Users\Kavee\AppData\Local\Programs\Python\Python313\DLLs\libffi-8.dll
0x00007ff8e59d0000 - 0x00007ff8e59f9000 	C:\WINDOWS\System32\GDI32.dll
0x00007ff8e40c0000 - 0x00007ff8e40e6000 	C:\WINDOWS\System32\win32u.dll
0x00007ff8e3bf0000 - 0x00007ff8e3d0b000 	C:\WINDOWS\System32\gdi32full.dll
0x00007ff8e47d0000 - 0x00007ff8e497e000 	C:\WINDOWS\System32\USER32.dll
0x00007ff8e4a30000 - 0x00007ff8e4dbf000 	C:\WINDOWS\System32\combase.dll
0x00007ff8e46f0000 - 0x00007ff8e47c7000 	C:\WINDOWS\System32\OLEAUT32.dll
0x00007ff8e62a0000 - 0x00007ff8e62d1000 	C:\WINDOWS\System32\IMM32.DLL
0x00007ff8b7520000 - 0x00007ff8b752b000 	C:\Users\Kavee\AppData\Local\Programs\Python\Python313\DLLs\_wmi.pyd
0x00007ff8de670000 - 0x00007ff8de771000 	C:\WINDOWS\SYSTEM32\PROPSYS.dll
0x00007ff8b1de0000 - 0x00007ff8b1dfe000 	C:\Users\Kavee\AppData\Local\Programs\Python\Python313\Lib\site-packages\numpy\linalg\_umath_linalg.cp313-win_amd64.pyd
0x00007ff892010000 - 0x00007ff892c71000 	C:\Users\Kavee\AppData\Local\Programs\Eclipse Adoptium\jdk-17.0.9.9-hotspot\bin\server\jvm.dll
0x00007ff8e2600000 - 0x00007ff8e264d000 	C:\WINDOWS\SYSTEM32\POWRPROF.dll
0x00007ff8dd9b0000 - 0x00007ff8dd9b9000 	C:\WINDOWS\SYSTEM32\WSOCK32.dll
0x00007ff8db970000 - 0x00007ff8db9a4000 	C:\WINDOWS\SYSTEM32\WINMM.dll
0x00007ff8e25e0000 - 0x00007ff8e25f3000 	C:\WINDOWS\SYSTEM32\UMPDC.dll
0x00007ff8b74a0000 - 0x00007ff8b74aa000 	C:\Users\Kavee\AppData\Local\Programs\Eclipse Adoptium\jdk-17.0.9.9-hotspot\bin\jimage.dll
0x00007ff8e1160000 - 0x00007ff8e1392000 	C:\WINDOWS\SYSTEM32\DBGHELP.DLL
0x00007ff8c95a0000 - 0x00007ff8c95d2000 	C:\WINDOWS\SYSTEM32\dbgcore.DLL
0x00007ff8ada70000 - 0x00007ff8ada95000 	C:\Users\Kavee\AppData\Local\Programs\Eclipse Adoptium\jdk-17.0.9.9-hotspot\bin\java.dll
0x00007ff8e28a0000 - 0x00007ff8e28b8000 	C:\WINDOWS\SYSTEM32\kernel.appcore.dll
0x00007ff89da60000 - 0x00007ff89db37000 	C:\Users\Kavee\AppData\Local\Programs\Eclipse Adoptium\jdk-17.0.9.9-hotspot\bin\jsvml.dll
0x00007ff8e5150000 - 0x00007ff8e59c6000 	C:\WINDOWS\System32\SHELL32.dll
0x00007ff8e16c0000 - 0x00007ff8e1fc3000 	C:\WINDOWS\SYSTEM32\windows.storage.dll
0x00007ff8e1580000 - 0x00007ff8e16bf000 	C:\WINDOWS\SYSTEM32\wintypes.dll
0x00007ff8e5b70000 - 0x00007ff8e5c69000 	C:\WINDOWS\System32\SHCORE.dll
0x00007ff8e5ef0000 - 0x00007ff8e5f4e000 	C:\WINDOWS\System32\shlwapi.dll
0x00007ff8e36a0000 - 0x00007ff8e36cb000 	C:\WINDOWS\SYSTEM32\profapi.dll
0x00007ff8af720000 - 0x00007ff8af739000 	C:\Users\Kavee\AppData\Local\Programs\Eclipse Adoptium\jdk-17.0.9.9-hotspot\bin\net.dll
0x00007ff8daba0000 - 0x00007ff8dacd6000 	C:\WINDOWS\SYSTEM32\WINHTTP.dll
0x00007ff8e2d20000 - 0x00007ff8e2d89000 	C:\WINDOWS\system32\mswsock.dll
0x00007ff8ae8e0000 - 0x00007ff8ae8f6000 	C:\Users\Kavee\AppData\Local\Programs\Eclipse Adoptium\jdk-17.0.9.9-hotspot\bin\nio.dll
0x00007ff8a3e00000 - 0x00007ff8a3e18000 	C:\Users\Kavee\AppData\Local\Programs\Eclipse Adoptium\jdk-17.0.9.9-hotspot\bin\zip.dll

dbghelp: loaded successfully - version: 4.0.5 - missing functions: none
symbol engine: initialized successfully - sym options: 0x614 - pdb path: .;C:\Users\Kavee\AppData\Local\Programs\Python\Python313;C:\WINDOWS\SYSTEM32;C:\Users\Kavee\AppData\Local\Programs\Python\Python313\Lib\site-packages;C:\Users\Kavee\AppData\Local\Programs\Python\Python313\DLLs;C:\Users\Kavee\AppData\Local\Programs\Python\Python313\Lib\site-packages\numpy\_core;C:\Users\Kavee\AppData\Local\Programs\Python\Python313\Lib\site-packages\numpy.libs;C:\Users\Kavee\AppData\Local\Programs\Python\Python313\Lib\site-packages\numpy\linalg;C:\Users\Kavee\AppData\Local\Programs\Eclipse Adoptium\jdk-17.0.9.9-hotspot\bin\server;C:\Users\Kavee\AppData\Local\Programs\Eclipse Adoptium\jdk-17.0.9.9-hotspot\bin

VM Arguments:
java_command: <unknown>
java_class_path (initial): C:\Users\Kavee\AppData\Local\Programs\Python\Python313\Lib\site-packages\pyTRADE\core\jars\commons-lang3-3.8.1.jar;C:\Users\Kavee\AppData\Local\Programs\Python\Python313\Lib\site-packages\pyTRADE\core\jars\javax.annotation-api-1.3.2.jar;C:\Users\Kavee\AppData\Local\Programs\Python\Python313\Lib\site-packages\pyTRADE\core\jars\slf4j-api-2.0.13.jar;C:\Users\Kavee\AppData\Local\Programs\Python\Python313\Lib\site-packages\pyTRADE\core\jars\trade-1.1.1.jar;C:\Users\Kavee\AppData\Local\Programs\Python\Python313\Lib\site-packages\pyTRADE\core\jars\vecmath-1.5.2.jar;C:\Users\Kavee/.m2/repository/edu/tufts/hrilab/diarc-core/0.1.8-ALPHA/diarc-core-0.1.8-ALPHA.jar
Launcher Type: generic

[Global flags]
     intx CICompilerCount                          = 4                                         {product} {ergonomic}
     uint ConcGCThreads                            = 3                                         {product} {ergonomic}
     uint G1ConcRefinementThreads                  = 10                                        {product} {ergonomic}
   size_t G1HeapRegionSize                         = 4194304                                   {product} {ergonomic}
    uintx GCDrainStackTargetSize                   = 64                                        {product} {ergonomic}
   size_t InitialHeapSize                          = 402653184                                 {product} {ergonomic}
   size_t MarkStackSize                            = 4194304                                   {product} {ergonomic}
   size_t MaxHeapSize                              = 6404702208                                {product} {ergonomic}
   size_t MaxNewSize                               = 3841982464                                {product} {ergonomic}
   size_t MinHeapDeltaBytes                        = 4194304                                   {product} {ergonomic}
   size_t MinHeapSize                              = 8388608                                   {product} {ergonomic}
    uintx NonNMethodCodeHeapSize                   = 5839372                                {pd product} {ergonomic}
    uintx NonProfiledCodeHeapSize                  = 122909434                              {pd product} {ergonomic}
    uintx ProfiledCodeHeapSize                     = 122909434                              {pd product} {ergonomic}
    uintx ReservedCodeCacheSize                    = 251658240                              {pd product} {ergonomic}
     bool SegmentedCodeCache                       = true                                      {product} {ergonomic}
   size_t SoftMaxHeapSize                          = 6404702208                             {manageable} {ergonomic}
     bool UseCompressedClassPointers               = true                           {product lp64_product} {ergonomic}
     bool UseCompressedOops                        = true                           {product lp64_product} {ergonomic}
     bool UseG1GC                                  = true                                      {product} {ergonomic}
     bool UseLargePagesIndividualAllocation        = false                                  {pd product} {ergonomic}

Logging:
Log output configuration:
 #0: stdout all=warning uptime,level,tags
 #1: stderr all=off uptime,level,tags

Environment Variables:
JAVA_HOME=C:\Users\Kavee\AppData\Local\Programs\Eclipse Adoptium\jdk-17.0.9.9-hotspot\
PATH=C:\Windows\system32;C:\Windows;C:\Windows\System32\Wbem;C:\Windows\System32\WindowsPowerShell\v1.0\;C:\Windows\System32\OpenSSH\;C:\Program Files (x86)\NVIDIA Corporation\PhysX\Common;C:\WINDOWS\system32;C:\WINDOWS;C:\WINDOWS\System32\Wbem;C:\WINDOWS\System32\WindowsPowerShell\v1.0\;C:\WINDOWS\System32\OpenSSH\;C:\Program Files\NVIDIA Corporation\NVIDIA NvDLISR;C:\Program Files\dotnet\;C:\Users\Kavee\AppData\Local\Programs\Python\Python313\Scripts\;C:\Users\Kavee\AppData\Local\Programs\Python\Python313\;C:\Users\Kavee\AppData\Local\Programs\Eclipse Adoptium\jdk-17.0.9.9-hotspot\bin;C:\Windows\system32;C:\Windows;C:\Windows\System32\Wbem;C:\Windows\System32\WindowsPowerShell\v1.0;C:\Windows\System32\OpenSSH;C:\Program Files (x86)\NVIDIA Corporation\PhysX\Common;C:\WINDOWS\system32;C:\WINDOWS;C:\WINDOWS\System32\Wbem;C:\WINDOWS\System32\WindowsPowerShell\v1.0;C:\WINDOWS\System32\OpenSSH;C:\Program Files\NVIDIA Corporation\NVIDIA NvDLISR;C:\Users\Kavee\AppData\Local\Microsoft\WindowsApps;C:\Users\Kavee\AppData\Local\Programs\Microsoft VS Code\bin;C:\msys64\mingw64\bin;C:\Users\Kavee\OneDrive\Desktop\ezyZip\Ceptre;C:\Users\Kavee\AppData\Local\GitHubDesktop\bin;c:\users\kavee\.local\bin;c:\users\kavee\appdata\local\packages\pythonsoftwarefoundation.python.3.11_qbz5n2kfra8p0\localcache\local-packages\python311\scripts;C:\Users\Kavee\.dotnet\tools
USERNAME=Kavee
LANG=en_US.UTF-8
OS=Windows_NT
PROCESSOR_IDENTIFIER=AMD64 Family 25 Model 80 Stepping 0, AuthenticAMD
TMP=C:\Users\Kavee\AppData\Local\Temp
TEMP=C:\Users\Kavee\AppData\Local\Temp



Periodic native trim disabled


---------------  S Y S T E M  ---------------

OS:
 Windows 11 , 64 bit Build 22621 (10.0.22621.4391)
OS uptime: 0 days 16:58 hours

CPU: total 12 (initial active 12) (12 cores per cpu, 2 threads per core) family 25 model 80 stepping 0 microcode 0x0, cx8, cmov, fxsr, ht, mmx, 3dnowpref, sse, sse2, sse3, ssse3, sse4a, sse4.1, sse4.2, popcnt, lzcnt, tsc, tscinvbit, avx, avx2, aes, erms, clmul, bmi1, bmi2, adx, sha, fma, vzeroupper, clflush, clflushopt
Processor Information for all 12 processors :
  Max Mhz: 3301, Current Mhz: 3301, Mhz Limit: 3301

Memory: 4k page, system-wide physical 24428M (12852M free)
TotalPageFile size 28012M (AvailPageFile size 11784M)
current process WorkingSet (physical memory assigned to process): 63M, peak: 63M
current process commit charge ("private bytes"): 853M, peak: 853M

vm_info: OpenJDK 64-Bit Server VM (17.0.9+9) for windows-amd64 JRE (17.0.9+9), built on Oct 26 2023 14:01:42 by "admin" with MS VC++ 16.10 / 16.11 (VS2019)

END.
